<?xml version="1.0" encoding="UTF-8"?>
<!-- Generated by org.testng.reporters.JUnitReportReporter -->
<testsuite hostname="DESKTOP-LH08OA0" failures="0" tests="1" name="SbiCollectTestC.LoginTestC" time="1.380" errors="0" timestamp="2023-01-15T09:50:29 IST" skipped="0">
  <testcase classname="SbiCollectTestC.LoginTestC" name="loginapp" time="1.380"/>
  <system-out/>
</testsuite> <!-- SbiCollectTestC.LoginTestC -->
